d:\users\greg\documents\5a\math\projetmathqtopenglsubdivision\projetmathqtopengl\splinesurface\x64\debug\vc120.pdb
d:\users\greg\documents\5a\math\projetmathqtopenglsubdivision\projetmathqtopengl\splinesurface\x64\debug\vc120.idb
d:\users\greg\documents\5a\math\projetmathqtopenglsubdivision\projetmathqtopengl\splinesurface\x64\debug\tiny_obj_loader.obj
d:\users\greg\documents\5a\math\projetmathqtopenglsubdivision\projetmathqtopengl\splinesurface\x64\debug\bezier.obj
d:\users\greg\documents\5a\math\projetmathqtopenglsubdivision\projetmathqtopengl\splinesurface\x64\debug\camera.obj
d:\users\greg\documents\5a\math\projetmathqtopenglsubdivision\projetmathqtopengl\splinesurface\x64\debug\courbe.obj
d:\users\greg\documents\5a\math\projetmathqtopenglsubdivision\projetmathqtopengl\splinesurface\x64\debug\esgishader.obj
d:\users\greg\documents\5a\math\projetmathqtopenglsubdivision\projetmathqtopengl\splinesurface\x64\debug\main.obj
d:\users\greg\documents\5a\math\projetmathqtopenglsubdivision\projetmathqtopengl\splinesurface\x64\debug\mainwidget.obj
d:\users\greg\documents\5a\math\projetmathqtopenglsubdivision\projetmathqtopengl\splinesurface\x64\debug\mat4x4.obj
d:\users\greg\documents\5a\math\projetmathqtopenglsubdivision\projetmathqtopengl\splinesurface\x64\debug\myglwidget.obj
d:\users\greg\documents\5a\math\projetmathqtopenglsubdivision\projetmathqtopengl\splinesurface\x64\debug\objet.obj
d:\users\greg\documents\5a\math\projetmathqtopenglsubdivision\projetmathqtopengl\splinesurface\x64\debug\patchcoons.obj
d:\users\greg\documents\5a\math\projetmathqtopenglsubdivision\projetmathqtopengl\splinesurface\x64\debug\point.obj
d:\users\greg\documents\5a\math\projetmathqtopenglsubdivision\projetmathqtopengl\splinesurface\x64\debug\shader.obj
d:\users\greg\documents\5a\math\projetmathqtopenglsubdivision\projetmathqtopengl\splinesurface\x64\debug\spline.obj
d:\users\greg\documents\5a\math\projetmathqtopenglsubdivision\projetmathqtopengl\splinesurface\x64\debug\surface.obj
d:\users\greg\documents\5a\math\projetmathqtopenglsubdivision\projetmathqtopengl\splinesurface\x64\debug\surfacebezier.obj
d:\users\greg\documents\5a\math\projetmathqtopenglsubdivision\projetmathqtopengl\splinesurface\x64\debug\surfacefromspline.obj
d:\users\greg\documents\5a\math\projetmathqtopenglsubdivision\projetmathqtopengl\splinesurface\x64\debug\surfacesimpleextrude.obj
d:\users\greg\documents\5a\math\projetmathqtopenglsubdivision\projetmathqtopengl\x64\debug\splinesurface.ilk
d:\users\greg\documents\5a\math\projetmathqtopenglsubdivision\projetmathqtopengl\x64\debug\splinesurface.exe
d:\users\greg\documents\5a\math\projetmathqtopenglsubdivision\projetmathqtopengl\x64\debug\splinesurface.pdb
d:\users\greg\documents\5a\math\projetmathqtopenglsubdivision\projetmathqtopengl\splinesurface\x64\debug\splinesurface.tlog\cl.command.1.tlog
d:\users\greg\documents\5a\math\projetmathqtopenglsubdivision\projetmathqtopengl\splinesurface\x64\debug\splinesurface.tlog\cl.read.1.tlog
d:\users\greg\documents\5a\math\projetmathqtopenglsubdivision\projetmathqtopengl\splinesurface\x64\debug\splinesurface.tlog\cl.write.1.tlog
d:\users\greg\documents\5a\math\projetmathqtopenglsubdivision\projetmathqtopengl\splinesurface\x64\debug\splinesurface.tlog\link.command.1.tlog
d:\users\greg\documents\5a\math\projetmathqtopenglsubdivision\projetmathqtopengl\splinesurface\x64\debug\splinesurface.tlog\link.read.1.tlog
d:\users\greg\documents\5a\math\projetmathqtopenglsubdivision\projetmathqtopengl\splinesurface\x64\debug\splinesurface.tlog\link.write.1.tlog
