La génération a démarré 22/06/2016 17:17:12.
     1>Projet "D:\GIT\Destruction\Libs\PhysXSDK\Source\compiler\vc12win64\PhysX.vcxproj" sur le nœud 3 (Build cible(s)).
     1>ClCompile:
         C:\Program Files (x86)\Microsoft Visual Studio 12.0\VC\bin\x86_amd64\CL.exe /c /I./../../../Include/gpu /I./../../PhysXGpu/include /I./../../PhysX/src/device /I./../../../Include/foundation /I./../../foundation/include /I./../../../Include/physxprofilesdk /I./../../../Include/physxvisualdebuggersdk /I./../../../externals/nvToolsExt/1/include /I./../../../externals/nvToolsExt/1/include/stdint /I./../../../Include/common /I./../../../Include/geometry /I./../../../Include/pvd /I./../../../Include/particles /I./../../../Include/cloth /I./../../../Include/physxvisualdebuggersdk /I./../../../Include/pxtask /I./../../../Include /I./../../Common/src /I./../../GeomUtils/headers /I./../../GeomUtils/src /I./../../GeomUtils/src/contact /I./../../GeomUtils/src/common /I./../../GeomUtils/src/convex /I./../../GeomUtils/src/distance /I./../../GeomUtils/src/sweep /I./../../GeomUtils/src/gjk /I./../../GeomUtils/src/intersection /I./../../GeomUtils/src/mesh /I./../../GeomUtils/src/hf /I./../../GeomUtils/src/pcm /I./../../LowLevel/API/include /I./../../PhysX/src /I./../../PhysX/src/buffering /I./../../PhysX/src/particles /I./../../PhysX/src/cloth /I./../../SimulationController/include /I./../../PhysXCooking/src /I./../../PhysXCooking/src/mesh /I./../../PhysXCooking/src/convex /I./../../SceneQuery /I./../../PvdRuntime/src /I./../../PhysXMetaData/core/include /Zi /nologo /W4 /WX /Od /D PX_PHYSX_CORE_EXPORTS /D WIN32 /D WIN64 /D _CRT_SECURE_NO_DEPRECATE /D _CRT_NONSTDC_NO_DEPRECATE /D _WINSOCK_DEPRECATED_NO_WARNINGS /D _DEBUG /D PX_DEBUG /D PX_CHECKED /D PX_SUPPORT_VISUAL_DEBUGGER /D PX_NVTX /D PX_PHYSX_DLL_NAME_POSTFIX=DEBUG /D _WINDLL /GF /Gm- /RTCu /MTd /GS- /fp:fast /Zc:wchar_t /Zc:forScope /GR- /Fo"./x64/PhysX/debug\\" /Fd"D:\GIT\Destruction\Libs\PhysXSDK\bin\vc12win64\\PhysX3DEBUG_x64.pdb" /Gd /TP /errorReport:prompt /MP /Wall /wd4514 /wd4820 /wd4127 /wd4710 /wd4711 /d2Zi+ ..\..\PhysX\src\windows\NpWindowsDelayLoadHook.cpp ..\..\PhysX\src\gpu\NpPhysicsGpu.cpp ..\..\PhysX\src\gpu\PxParticleDeviceExclusive.cpp ..\..\PhysX\src\gpu\PxParticleGpu.cpp ..\..\PhysX\src\gpu\PxPhysXIndicatorDeviceExclusive.cpp ..\..\PhysX\src\device\windows\PhysXIndicatorWindows.cpp ..\..\PhysX\src\particles\NpParticleFluid.cpp ..\..\PhysX\src\particles\NpParticleSystem.cpp ..\..\PhysX\src\buffering\ScbActor.cpp ..\..\PhysX\src\buffering\ScbAggregate.cpp ..\..\PhysX\src\buffering\ScbBase.cpp ..\..\PhysX\src\buffering\ScbCloth.cpp ..\..\PhysX\src\buffering\ScbMetaData.cpp ..\..\PhysX\src\buffering\ScbParticleSystem.cpp ..\..\PhysX\src\buffering\ScbScene.cpp ..\..\PhysX\src\buffering\ScbShape.cpp ..\..\PhysX\src\cloth\NpCloth.cpp ..\..\PhysX\src\cloth\NpClothFabric.cpp ..\..\PhysX\src\cloth\NpClothParticleData.cpp ..\..\PhysX\src\GrbEvents.cpp ..\..\PhysX\src\NpActor.cpp ..\..\PhysX\src\NpAggregate.cpp ..\..\PhysX\src\NpArticulation.cpp ..\..\PhysX\src\NpArticulationJoint.cpp ..\..\PhysX\src\NpArticulationLink.cpp ..\..\PhysX\src\NpBatchQuery.cpp ..\..\PhysX\src\NpConstraint.cpp ..\..\PhysX\src\NpFactory.cpp ..\..\PhysX\src\NpMaterial.cpp ..\..\PhysX\src\NpMetaData.cpp ..\..\PhysX\src\NpPhysics.cpp ..\..\PhysX\src\NpPvdSceneQueryCollector.cpp ..\..\PhysX\src\NpReadCheck.cpp ..\..\PhysX\src\NpRigidDynamic.cpp ..\..\PhysX\src\NpRigidStatic.cpp ..\..\PhysX\src\NpScene.cpp ..\..\PhysX\src\NpSceneQueries.cpp ..\..\PhysX\src\NpSerializerAdapter.cpp ..\..\PhysX\src\NpShape.cpp ..\..\PhysX\src\NpShapeManager.cpp ..\..\PhysX\src\NpSpatialIndex.cpp ..\..\PhysX\src\NpVolumeCache.cpp ..\..\PhysX\src\NpWriteCheck.cpp ..\..\PhysXMetaData\core\src\PxAutoGeneratedMetaDataObjects.cpp ..\..\PhysXMetaData\core\src\PxMetaDataObjects.cpp
         NpWindowsDelayLoadHook.cpp
         NpPhysicsGpu.cpp
         PxParticleDeviceExclusive.cpp
         PxParticleGpu.cpp
         PxPhysXIndicatorDeviceExclusive.cpp
         PhysXIndicatorWindows.cpp
         NpParticleFluid.cpp
         NpParticleSystem.cpp
         ScbActor.cpp
         ScbAggregate.cpp
         ScbBase.cpp
         ScbCloth.cpp
         ScbMetaData.cpp
         ScbParticleSystem.cpp
         ScbScene.cpp
         ScbShape.cpp
         NpCloth.cpp
         NpClothFabric.cpp
         NpClothParticleData.cpp
         GrbEvents.cpp
         NpActor.cpp
         NpAggregate.cpp
         NpArticulation.cpp
         NpArticulationJoint.cpp
         NpArticulationLink.cpp
         NpBatchQuery.cpp
         NpConstraint.cpp
         NpFactory.cpp
         NpMaterial.cpp
         NpMetaData.cpp
         NpPhysics.cpp
         NpPvdSceneQueryCollector.cpp
         NpReadCheck.cpp
         NpRigidDynamic.cpp
         NpRigidStatic.cpp
         NpScene.cpp
         NpSceneQueries.cpp
         NpSerializerAdapter.cpp
         NpShape.cpp
         NpShapeManager.cpp
         NpSpatialIndex.cpp
         NpVolumeCache.cpp
         NpWriteCheck.cpp
         PxAutoGeneratedMetaDataObjects.cpp
         PxMetaDataObjects.cpp
       ResourceCompile:
         C:\Program Files (x86)\Windows Kits\8.1\bin\x86\rc.exe /l"0x0409" /nologo /fo"./x64/PhysX/debug\PhysX3.res" ..\resource_x64\PhysX3.rc 
       Link:
         C:\Program Files (x86)\Microsoft Visual Studio 12.0\VC\bin\x86_amd64\link.exe /ERRORREPORT:PROMPT /OUT:"./../../../bin/vc12win64\PhysX3DEBUG_x64.dll" /NOLOGO ./../../../externals/nvToolsExt/1/lib/x64/nvToolsExt64_1.lib ./../../../Lib/vc12win64/PhysX3GpuDEBUG_x64.lib kernel32.lib user32.lib gdi32.lib winspool.lib comdlg32.lib advapi32.lib shell32.lib ole32.lib oleaut32.lib uuid.lib odbc32.lib odbccp32.lib /MANIFEST /MANIFESTUAC:"level='asInvoker' uiAccess='false'" /manifest:embed /DEBUG /PDB:"D:\GIT\Destruction\Libs\PhysXSDK\bin\vc12win64\\PhysX3DEBUG_x64.pdb" /SUBSYSTEM:CONSOLE /TLBID:1 /DYNAMICBASE /NXCOMPAT /IMPLIB:"./../../../Lib/vc12win64/PhysX3DEBUG_x64.lib" /MACHINE:X64 /MAP /MACHINE:x64 /DELAYLOAD:nvcuda.dll /DELAYLOAD:PhysX3CommonDEBUG_x64.dll /DEBUG /DLL ./x64/PhysX/debug\PhysX3.res
         ./x64/PhysX/debug\NpWindowsDelayLoadHook.obj
         ./x64/PhysX/debug\NpPhysicsGpu.obj
         ./x64/PhysX/debug\PxParticleDeviceExclusive.obj
         ./x64/PhysX/debug\PxParticleGpu.obj
         ./x64/PhysX/debug\PxPhysXIndicatorDeviceExclusive.obj
         ./x64/PhysX/debug\PhysXIndicatorWindows.obj
         ./x64/PhysX/debug\NpParticleFluid.obj
         ./x64/PhysX/debug\NpParticleSystem.obj
         ./x64/PhysX/debug\ScbActor.obj
         ./x64/PhysX/debug\ScbAggregate.obj
         ./x64/PhysX/debug\ScbBase.obj
         ./x64/PhysX/debug\ScbCloth.obj
         ./x64/PhysX/debug\ScbMetaData.obj
         ./x64/PhysX/debug\ScbParticleSystem.obj
         ./x64/PhysX/debug\ScbScene.obj
         ./x64/PhysX/debug\ScbShape.obj
         ./x64/PhysX/debug\NpCloth.obj
         ./x64/PhysX/debug\NpClothFabric.obj
         ./x64/PhysX/debug\NpClothParticleData.obj
         ./x64/PhysX/debug\GrbEvents.obj
         ./x64/PhysX/debug\NpActor.obj
         ./x64/PhysX/debug\NpAggregate.obj
         ./x64/PhysX/debug\NpArticulation.obj
         ./x64/PhysX/debug\NpArticulationJoint.obj
         ./x64/PhysX/debug\NpArticulationLink.obj
         ./x64/PhysX/debug\NpBatchQuery.obj
         ./x64/PhysX/debug\NpConstraint.obj
         ./x64/PhysX/debug\NpFactory.obj
         ./x64/PhysX/debug\NpMaterial.obj
         ./x64/PhysX/debug\NpMetaData.obj
         ./x64/PhysX/debug\NpPhysics.obj
         ./x64/PhysX/debug\NpPvdSceneQueryCollector.obj
         ./x64/PhysX/debug\NpReadCheck.obj
         ./x64/PhysX/debug\NpRigidDynamic.obj
         ./x64/PhysX/debug\NpRigidStatic.obj
         ./x64/PhysX/debug\NpScene.obj
         ./x64/PhysX/debug\NpSceneQueries.obj
         ./x64/PhysX/debug\NpSerializerAdapter.obj
         ./x64/PhysX/debug\NpShape.obj
         ./x64/PhysX/debug\NpShapeManager.obj
         ./x64/PhysX/debug\NpSpatialIndex.obj
         ./x64/PhysX/debug\NpVolumeCache.obj
         ./x64/PhysX/debug\NpWriteCheck.obj
         ./x64/PhysX/debug\PxAutoGeneratedMetaDataObjects.obj
         ./x64/PhysX/debug\PxMetaDataObjects.obj
         D:\GIT\Destruction\Libs\PhysXSDK\Lib\vc12win64\LowLevelDEBUG.lib
         D:\GIT\Destruction\Libs\PhysXSDK\Lib\vc12win64\LowLevelClothDEBUG.lib
         D:\GIT\Destruction\Libs\PhysXSDK\Lib\vc12win64\PhysXProfileSDKDEBUG.lib
         D:\GIT\Destruction\Libs\PhysXSDK\Lib\vc12win64\PhysXVisualDebuggerSDKDEBUG.lib
         D:\GIT\Destruction\Libs\PhysXSDK\Lib\vc12win64\PvdRuntimeDEBUG.lib
         D:\GIT\Destruction\Libs\PhysXSDK\Lib\vc12win64\PxTaskDEBUG.lib
         D:\GIT\Destruction\Libs\PhysXSDK\Lib\vc12win64\SceneQueryDEBUG.lib
         D:\GIT\Destruction\Libs\PhysXSDK\Lib\vc12win64\SimulationControllerDEBUG.lib
         D:\GIT\Destruction\Libs\PhysXSDK\Lib\vc12win64\PhysX3CommonDEBUG_x64.lib
            Création de la bibliothèque ./../../../Lib/vc12win64/PhysX3DEBUG_x64.lib et de l'objet ./../../../Lib/vc12win64/PhysX3DEBUG_x64.exp
     1>LIBCMTD.lib(crt0init.obj) : warning LNK4098: conflit entre la bibliothèque par défaut 'libcmt.lib' et les autres bibliothèques ; utilisez /NODEFAULTLIB:library
     1>LINK : warning LNK4199: /DELAYLOAD:nvcuda.dll ignoré ; aucune importation trouvée à partir de nvcuda.dll
         PhysX.vcxproj -> D:\GIT\Destruction\Libs\PhysXSDK\Source\compiler\vc12win64\./../../../bin/vc12win64\PhysX3DEBUG_x64.dll
     1>Génération du projet "D:\GIT\Destruction\Libs\PhysXSDK\Source\compiler\vc12win64\PhysX.vcxproj" terminée (Build cible(s)).

La génération a réussi.

Temps écoulé 00:00:17.76
