La génération a démarré 22/06/2016 17:16:24.
     1>Projet "D:\GIT\Destruction\Libs\PhysXSDK\Source\compiler\vc12win64\PhysXCommon.vcxproj" sur le nœud 6 (Build cible(s)).
     1>ClCompile:
         C:\Program Files (x86)\Microsoft Visual Studio 12.0\VC\bin\x86_amd64\CL.exe /c /I./../../../externals/nvToolsExt/1/include /I./../../../externals/nvToolsExt/1/include/stdint /I./../../../Include/foundation /I./../../foundation/include /I./../../../Include/physxprofilesdk /I./../../../Include/physxvisualdebuggersdk /I./../../../Include/common /I./../../../Include /I./../../Common/src /I./../../Common/src/windows /I./../../PhysXProfile/include /I./../../PhysXProfile/src /I./../../../Include/geometry /I./../../GeomUtils/headers /I./../../GeomUtils/src /I./../../GeomUtils/src/contact /I./../../GeomUtils/src/common /I./../../GeomUtils/src/convex /I./../../GeomUtils/src/distance /I./../../GeomUtils/src/sweep /I./../../GeomUtils/src/gjk /I./../../GeomUtils/src/intersection /I./../../GeomUtils/src/mesh /I./../../GeomUtils/src/hf /I./../../GeomUtils/src/pcm /Zi /nologo /W4 /WX /Od /D WIN32 /D WIN64 /D _CRT_SECURE_NO_DEPRECATE /D _CRT_NONSTDC_NO_DEPRECATE /D _WINSOCK_DEPRECATED_NO_WARNINGS /D PX_FOUNDATION_EXPORTS /D PX_PHYSX_COMMON_EXPORTS /D _DEBUG /D PX_DEBUG /D PX_CHECKED /D PX_SUPPORT_VISUAL_DEBUGGER /D PX_NVTX /D PX_PHYSX_DLL_NAME_POSTFIX=DEBUG /D _WINDLL /GF /Gm- /RTCu /MTd /GS- /fp:fast /Zc:wchar_t /Zc:forScope /GR- /Fo"./x64/PhysXCommon/debug\\" /Fd"D:\GIT\Destruction\Libs\PhysXSDK\bin\vc12win64\\PhysX3CommonDEBUG_x64.pdb" /Gd /TP /errorReport:prompt /MP /Wall /wd4514 /wd4820 /wd4127 /wd4710 /wd4711 /d2Zi+ ..\..\foundation\src\windows\PsWindowsAtomic.cpp ..\..\foundation\src\windows\PsWindowsCpu.cpp ..\..\foundation\src\windows\PsWindowsFPU.cpp ..\..\foundation\src\windows\PsWindowsMemoryMappedFile.cpp ..\..\foundation\src\windows\PsWindowsModuleUpdateLoader.cpp ..\..\foundation\src\windows\PsWindowsMutex.cpp ..\..\foundation\src\windows\PsWindowsPAEventSrc.cpp ..\..\foundation\src\windows\PsWindowsPrintString.cpp ..\..\foundation\src\windows\PsWindowsSList.cpp ..\..\foundation\src\windows\PsWindowsSocket.cpp ..\..\foundation\src\windows\PsWindowsSync.cpp ..\..\foundation\src\windows\PsWindowsThread.cpp ..\..\foundation\src\windows\PsWindowsTime.cpp ..\..\foundation\src\PsAllocator.cpp ..\..\foundation\src\PsAssert.cpp ..\..\foundation\src\PsErrorHandler.cpp ..\..\foundation\src\PsFastIPC.cpp ..\..\foundation\src\PsFastXml.cpp ..\..\foundation\src\PsFoundation.cpp ..\..\foundation\src\PsMathUtils.cpp ..\..\foundation\src\PsTempAllocator.cpp ..\..\foundation\src\PsUtilities.cpp ..\..\Common\src\CmCollection.cpp ..\..\Common\src\CmEventProfiler.cpp ..\..\Common\src\CmFreeListAllocator.cpp ..\..\Common\src\CmMathUtils.cpp ..\..\Common\src\CmPtrTable.cpp ..\..\Common\src\CmRenderOutput.cpp ..\..\Common\src\CmVisualization.cpp ..\..\GeomUtils\src\contact\GuContactCapsuleMesh.cpp ..\..\GeomUtils\src\contact\GuContactConvexMesh.cpp ..\..\GeomUtils\src\contact\GuContactPolygonPolygon.cpp ..\..\GeomUtils\src\contact\GuContactSphereMesh.cpp ..\..\GeomUtils\src\contact\GuFeatureCode.cpp ..\..\GeomUtils\src\common\GuBarycentricCoordinates.cpp ..\..\GeomUtils\src\common\GuSeparatingAxes.cpp ..\..\GeomUtils\src\convex\GuBigConvexData.cpp ..\..\GeomUtils\src\convex\GuConvexHelper.cpp ..\..\GeomUtils\src\convex\GuConvexMesh.cpp ..\..\GeomUtils\src\convex\GuConvexSupportTable.cpp ..\..\GeomUtils\src\convex\GuConvexUtilsInternal.cpp ..\..\GeomUtils\src\convex\GuCubeIndex.cpp ..\..\GeomUtils\src\convex\GuHillClimbing.cpp ..\..\GeomUtils\src\convex\GuShapeConvex.cpp ..\..\GeomUtils\src\distance\GuDistancePointBox.cpp ..\..\GeomUtils\src\distance\GuDistancePointSegment.cpp ..\..\GeomUtils\src\distance\GuDistancePointTriangle.cpp ..\..\GeomUtils\src\distance\GuDistanceSegmentBox.cpp ..\..\GeomUtils\src\distance\GuDistanceSegmentSegment.cpp ..\..\GeomUtils\src\distance\GuDistanceSegmentTriangle.cpp ..\..\GeomUtils\src\sweep\GuSweepBoxBox.cpp ..\..\GeomUtils\src\sweep\GuSweepBoxSphere.cpp ..\..\GeomUtils\src\sweep\GuSweepBoxTriangle_FeatureBased.cpp ..\..\GeomUtils\src\sweep\GuSweepBoxTriangle_SAT.cpp ..\..\GeomUtils\src\sweep\GuSweepCapsuleBox.cpp ..\..\GeomUtils\src\sweep\GuSweepCapsuleCapsule.cpp ..\..\GeomUtils\src\sweep\GuSweepCapsuleTriangle.cpp ..\..\GeomUtils\src\sweep\GuSweepSphereCapsule.cpp ..\..\GeomUtils\src\sweep\GuSweepSphereSphere.cpp ..\..\GeomUtils\src\sweep\GuSweepSphereTriangle.cpp ..\..\GeomUtils\src\sweep\GuSweepTriangleUtils.cpp ..\..\GeomUtils\src\gjk\GuEPA.cpp ..\..\GeomUtils\src\gjk\GuEPAPenetrationWrapper.cpp ..\..\GeomUtils\src\gjk\GuGJKFallBack.cpp ..\..\GeomUtils\src\gjk\GuGJKPenetrationWrapper.cpp ..\..\GeomUtils\src\gjk\GuGJKSimplex.cpp ..\..\GeomUtils\src\gjk\GuGJKSimplexTesselation.cpp ..\..\GeomUtils\src\gjk\GuGJKWrapper.cpp ..\..\GeomUtils\src\gjk\GuVecBox.cpp ..\..\GeomUtils\src\intersection\GuIntersectionBoxBox.cpp ..\..\GeomUtils\src\intersection\GuIntersectionEdgeEdge.cpp ..\..\GeomUtils\src\intersection\GuIntersectionRayBox.cpp ..\..\GeomUtils\src\intersection\GuIntersectionRayCapsule.cpp ..\..\GeomUtils\src\intersection\GuIntersectionRaySphere.cpp ..\..\GeomUtils\src\intersection\GuIntersectionRayTriangle.cpp ..\..\GeomUtils\src\intersection\GuIntersectionTriangleBox.cpp ..\..\GeomUtils\src\mesh\GuHybridModel.cpp ..\..\GeomUtils\src\mesh\GuInternalTriangleMesh.cpp ..\..\GeomUtils\src\mesh\GuMeshInterface.cpp ..\..\GeomUtils\src\mesh\GuMeshQuery.cpp ..\..\GeomUtils\src\mesh\GuMidphase.cpp ..\..\GeomUtils\src\mesh\GuOverlapTestsMesh.cpp ..\..\GeomUtils\src\mesh\GuRTree.cpp ..\..\GeomUtils\src\mesh\GuRTreeQueries.cpp ..\..\GeomUtils\src\mesh\GuSweepsMesh.cpp ..\..\GeomUtils\src\mesh\GuTriangleMesh.cpp ..\..\GeomUtils\src\hf\GuHeightField.cpp ..\..\GeomUtils\src\hf\GuHeightFieldUtil.cpp ..\..\GeomUtils\src\hf\GuOverlapTestsHF.cpp ..\..\GeomUtils\src\hf\GuSweepsHF.cpp ..\..\GeomUtils\src\pcm\GuPCMContactBoxBox.cpp ..\..\GeomUtils\src\pcm\GuPCMContactBoxConvex.cpp ..\..\GeomUtils\src\pcm\GuPCMContactCapsuleBox.cpp ..\..\GeomUtils\src\pcm\GuPCMContactCapsuleConvex.cpp ..\..\GeomUtils\src\pcm\GuPCMContactCapsuleHeightField.cpp ..\..\GeomUtils\src\pcm\GuPCMContactCapsuleMesh.cpp ..\..\GeomUtils\src\pcm\GuPCMContactConvexCommon.cpp ..\..\GeomUtils\src\pcm\GuPCMContactConvexConvex.cpp ..\..\GeomUtils\src\pcm\GuPCMContactConvexHeightField.cpp ..\..\GeomUtils\src\pcm\GuPCMContactConvexMesh.cpp ..\..\GeomUtils\src\pcm\GuPCMContactGenBoxConvex.cpp ..\..\GeomUtils\src\pcm\GuPCMContactGenSphereCapsule.cpp ..\..\GeomUtils\src\pcm\GuPCMContactPlaneBox.cpp ..\..\GeomUtils\src\pcm\GuPCMContactPlaneCapsule.cpp ..\..\GeomUtils\src\pcm\GuPCMContactPlaneConvex.cpp ..\..\GeomUtils\src\pcm\GuPCMContactSphereConvex.cpp ..\..\GeomUtils\src\pcm\GuPCMContactSphereHeightField.cpp ..\..\GeomUtils\src\pcm\GuPCMContactSphereMesh.cpp ..\..\GeomUtils\src\pcm\GuPCMShapeConvex.cpp ..\..\GeomUtils\src\pcm\GuPCMTriangleContactGen.cpp ..\..\GeomUtils\src\pcm\GuPersistentContactManifold.cpp ..\..\GeomUtils\src\GuBox.cpp ..\..\GeomUtils\src\GuBoxPruning.cpp ..\..\GeomUtils\src\GuCapsule.cpp ..\..\GeomUtils\src\GuCCTSweepTests.cpp ..\..\GeomUtils\src\GuContainer.cpp ..\..\GeomUtils\src\GuContainerMemoryMgmt.cpp ..\..\GeomUtils\src\GuContainerMemoryMgmtPS3.cpp ..\..\GeomUtils\src\GuDebug.cpp ..\..\GeomUtils\src\GuGeometryQuery.cpp ..\..\GeomUtils\src\GuGeometryUnion.cpp ..\..\GeomUtils\src\GuGeomUtilsInternal.cpp ..\..\GeomUtils\src\GuMeshFactory.cpp ..\..\GeomUtils\src\GuMetaData.cpp ..\..\GeomUtils\src\GuMTD.cpp ..\..\GeomUtils\src\GuObjectBounds.cpp ..\..\GeomUtils\src\GuOverlapTests.cpp ..\..\GeomUtils\src\GuRaycastTests.cpp ..\..\GeomUtils\src\GuRevisitedRadix.cpp ..\..\GeomUtils\src\GuRevisitedRadixBuffered.cpp ..\..\GeomUtils\src\GuSerialize.cpp ..\..\GeomUtils\src\GuSweepMTD.cpp ..\..\GeomUtils\src\GuSweepSharedTests.cpp ..\..\GeomUtils\src\GuSweepTests.cpp
         PsWindowsAtomic.cpp
         PsWindowsCpu.cpp
         PsWindowsFPU.cpp
         PsWindowsMemoryMappedFile.cpp
         PsWindowsModuleUpdateLoader.cpp
         PsWindowsMutex.cpp
         PsWindowsPAEventSrc.cpp
         PsWindowsPrintString.cpp
         PsWindowsSList.cpp
         PsWindowsSocket.cpp
         PsWindowsSync.cpp
         PsWindowsThread.cpp
         PsWindowsTime.cpp
         PsAllocator.cpp
         PsAssert.cpp
         PsErrorHandler.cpp
         PsFastIPC.cpp
         PsFastXml.cpp
         PsFoundation.cpp
         PsMathUtils.cpp
         PsTempAllocator.cpp
         PsUtilities.cpp
         CmCollection.cpp
         CmEventProfiler.cpp
         CmFreeListAllocator.cpp
         CmMathUtils.cpp
         CmPtrTable.cpp
         CmRenderOutput.cpp
         CmVisualization.cpp
         GuContactCapsuleMesh.cpp
         GuContactConvexMesh.cpp
         GuContactPolygonPolygon.cpp
         GuContactSphereMesh.cpp
         GuFeatureCode.cpp
         GuBarycentricCoordinates.cpp
         GuSeparatingAxes.cpp
         GuBigConvexData.cpp
         GuConvexHelper.cpp
         GuConvexMesh.cpp
         GuConvexSupportTable.cpp
         GuConvexUtilsInternal.cpp
         GuCubeIndex.cpp
         GuHillClimbing.cpp
         GuShapeConvex.cpp
         GuDistancePointBox.cpp
         GuDistancePointSegment.cpp
         GuDistancePointTriangle.cpp
         GuDistanceSegmentBox.cpp
         GuDistanceSegmentSegment.cpp
         GuDistanceSegmentTriangle.cpp
         GuSweepBoxBox.cpp
         GuSweepBoxSphere.cpp
         GuSweepBoxTriangle_FeatureBased.cpp
         GuSweepBoxTriangle_SAT.cpp
         GuSweepCapsuleBox.cpp
         GuSweepCapsuleCapsule.cpp
         GuSweepCapsuleTriangle.cpp
         GuSweepSphereCapsule.cpp
         GuSweepSphereSphere.cpp
         GuSweepSphereTriangle.cpp
         GuSweepTriangleUtils.cpp
         GuEPA.cpp
         GuEPAPenetrationWrapper.cpp
         GuGJKFallBack.cpp
         GuGJKPenetrationWrapper.cpp
         GuGJKSimplex.cpp
         GuGJKSimplexTesselation.cpp
         GuGJKWrapper.cpp
         GuVecBox.cpp
         GuIntersectionBoxBox.cpp
         GuIntersectionEdgeEdge.cpp
         GuIntersectionRayBox.cpp
         GuIntersectionRayCapsule.cpp
         GuIntersectionRaySphere.cpp
         GuIntersectionRayTriangle.cpp
         GuIntersectionTriangleBox.cpp
         GuHybridModel.cpp
         GuInternalTriangleMesh.cpp
         GuMeshInterface.cpp
         GuMeshQuery.cpp
         GuMidphase.cpp
         GuOverlapTestsMesh.cpp
         GuRTree.cpp
         GuRTreeQueries.cpp
         GuSweepsMesh.cpp
         GuTriangleMesh.cpp
         GuHeightField.cpp
         GuHeightFieldUtil.cpp
         GuOverlapTestsHF.cpp
         GuSweepsHF.cpp
         GuPCMContactBoxBox.cpp
         GuPCMContactBoxConvex.cpp
         GuPCMContactCapsuleBox.cpp
         GuPCMContactCapsuleConvex.cpp
         GuPCMContactCapsuleHeightField.cpp
         GuPCMContactCapsuleMesh.cpp
         GuPCMContactConvexCommon.cpp
         GuPCMContactConvexConvex.cpp
         GuPCMContactConvexHeightField.cpp
         GuPCMContactConvexMesh.cpp
         GuPCMContactGenBoxConvex.cpp
         GuPCMContactGenSphereCapsule.cpp
         GuPCMContactPlaneBox.cpp
         GuPCMContactPlaneCapsule.cpp
         GuPCMContactPlaneConvex.cpp
         GuPCMContactSphereConvex.cpp
         GuPCMContactSphereHeightField.cpp
         GuPCMContactSphereMesh.cpp
         GuPCMShapeConvex.cpp
         GuPCMTriangleContactGen.cpp
         GuPersistentContactManifold.cpp
         GuBox.cpp
         GuBoxPruning.cpp
         GuCapsule.cpp
         GuCCTSweepTests.cpp
         GuContainer.cpp
         GuContainerMemoryMgmt.cpp
         GuContainerMemoryMgmtPS3.cpp
         GuDebug.cpp
         GuGeometryQuery.cpp
         GuGeometryUnion.cpp
         GuGeomUtilsInternal.cpp
         GuMeshFactory.cpp
         GuMetaData.cpp
         GuMTD.cpp
         GuObjectBounds.cpp
         GuOverlapTests.cpp
         GuRaycastTests.cpp
         GuRevisitedRadix.cpp
         GuRevisitedRadixBuffered.cpp
         GuSerialize.cpp
         GuSweepMTD.cpp
         GuSweepSharedTests.cpp
         GuSweepTests.cpp
       ResourceCompile:
         C:\Program Files (x86)\Windows Kits\8.1\bin\x86\rc.exe /l"0x0409" /nologo /fo"./x64/PhysXCommon/debug\PhysX3Common.res" ..\resource_x64\PhysX3Common.rc 
       Link:
         C:\Program Files (x86)\Microsoft Visual Studio 12.0\VC\bin\x86_amd64\link.exe /ERRORREPORT:PROMPT /OUT:"./../../../bin/vc12win64\PhysX3CommonDEBUG_x64.dll" /NOLOGO ./../../../externals/nvToolsExt/1/lib/x64/nvToolsExt64_1.lib kernel32.lib user32.lib gdi32.lib winspool.lib comdlg32.lib advapi32.lib shell32.lib ole32.lib oleaut32.lib uuid.lib odbc32.lib odbccp32.lib /MANIFEST /MANIFESTUAC:"level='asInvoker' uiAccess='false'" /manifest:embed /DEBUG /PDB:"D:\GIT\Destruction\Libs\PhysXSDK\bin\vc12win64\\PhysX3CommonDEBUG_x64.pdb" /SUBSYSTEM:CONSOLE /TLBID:1 /DYNAMICBASE /NXCOMPAT /IMPLIB:"./../../../Lib/vc12win64/PhysX3CommonDEBUG_x64.lib" /MACHINE:X64 /MAP /MACHINE:x64 /DEBUG /DLL ./x64/PhysXCommon/debug\PhysX3Common.res
         ./x64/PhysXCommon/debug\PsWindowsAtomic.obj
         ./x64/PhysXCommon/debug\PsWindowsCpu.obj
         ./x64/PhysXCommon/debug\PsWindowsFPU.obj
         ./x64/PhysXCommon/debug\PsWindowsMemoryMappedFile.obj
         ./x64/PhysXCommon/debug\PsWindowsModuleUpdateLoader.obj
         ./x64/PhysXCommon/debug\PsWindowsMutex.obj
         ./x64/PhysXCommon/debug\PsWindowsPAEventSrc.obj
         ./x64/PhysXCommon/debug\PsWindowsPrintString.obj
         ./x64/PhysXCommon/debug\PsWindowsSList.obj
         ./x64/PhysXCommon/debug\PsWindowsSocket.obj
         ./x64/PhysXCommon/debug\PsWindowsSync.obj
         ./x64/PhysXCommon/debug\PsWindowsThread.obj
         ./x64/PhysXCommon/debug\PsWindowsTime.obj
         ./x64/PhysXCommon/debug\PsAllocator.obj
         ./x64/PhysXCommon/debug\PsAssert.obj
         ./x64/PhysXCommon/debug\PsErrorHandler.obj
         ./x64/PhysXCommon/debug\PsFastIPC.obj
         ./x64/PhysXCommon/debug\PsFastXml.obj
         ./x64/PhysXCommon/debug\PsFoundation.obj
         ./x64/PhysXCommon/debug\PsMathUtils.obj
         ./x64/PhysXCommon/debug\PsTempAllocator.obj
         ./x64/PhysXCommon/debug\PsUtilities.obj
         ./x64/PhysXCommon/debug\CmCollection.obj
         ./x64/PhysXCommon/debug\CmEventProfiler.obj
         ./x64/PhysXCommon/debug\CmFreeListAllocator.obj
         ./x64/PhysXCommon/debug\CmMathUtils.obj
         ./x64/PhysXCommon/debug\CmPtrTable.obj
         ./x64/PhysXCommon/debug\CmRenderOutput.obj
         ./x64/PhysXCommon/debug\CmVisualization.obj
         ./x64/PhysXCommon/debug\GuContactCapsuleMesh.obj
         ./x64/PhysXCommon/debug\GuContactConvexMesh.obj
         ./x64/PhysXCommon/debug\GuContactPolygonPolygon.obj
         ./x64/PhysXCommon/debug\GuContactSphereMesh.obj
         ./x64/PhysXCommon/debug\GuFeatureCode.obj
         ./x64/PhysXCommon/debug\GuBarycentricCoordinates.obj
         ./x64/PhysXCommon/debug\GuSeparatingAxes.obj
         ./x64/PhysXCommon/debug\GuBigConvexData.obj
         ./x64/PhysXCommon/debug\GuConvexHelper.obj
         ./x64/PhysXCommon/debug\GuConvexMesh.obj
         ./x64/PhysXCommon/debug\GuConvexSupportTable.obj
         ./x64/PhysXCommon/debug\GuConvexUtilsInternal.obj
         ./x64/PhysXCommon/debug\GuCubeIndex.obj
         ./x64/PhysXCommon/debug\GuHillClimbing.obj
         ./x64/PhysXCommon/debug\GuShapeConvex.obj
         ./x64/PhysXCommon/debug\GuDistancePointBox.obj
         ./x64/PhysXCommon/debug\GuDistancePointSegment.obj
         ./x64/PhysXCommon/debug\GuDistancePointTriangle.obj
         ./x64/PhysXCommon/debug\GuDistanceSegmentBox.obj
         ./x64/PhysXCommon/debug\GuDistanceSegmentSegment.obj
         ./x64/PhysXCommon/debug\GuDistanceSegmentTriangle.obj
         ./x64/PhysXCommon/debug\GuSweepBoxBox.obj
         ./x64/PhysXCommon/debug\GuSweepBoxSphere.obj
         ./x64/PhysXCommon/debug\GuSweepBoxTriangle_FeatureBased.obj
         ./x64/PhysXCommon/debug\GuSweepBoxTriangle_SAT.obj
         ./x64/PhysXCommon/debug\GuSweepCapsuleBox.obj
         ./x64/PhysXCommon/debug\GuSweepCapsuleCapsule.obj
         ./x64/PhysXCommon/debug\GuSweepCapsuleTriangle.obj
         ./x64/PhysXCommon/debug\GuSweepSphereCapsule.obj
         ./x64/PhysXCommon/debug\GuSweepSphereSphere.obj
         ./x64/PhysXCommon/debug\GuSweepSphereTriangle.obj
         ./x64/PhysXCommon/debug\GuSweepTriangleUtils.obj
         ./x64/PhysXCommon/debug\GuEPA.obj
         ./x64/PhysXCommon/debug\GuEPAPenetrationWrapper.obj
         ./x64/PhysXCommon/debug\GuGJKFallBack.obj
         ./x64/PhysXCommon/debug\GuGJKPenetrationWrapper.obj
         ./x64/PhysXCommon/debug\GuGJKSimplex.obj
         ./x64/PhysXCommon/debug\GuGJKSimplexTesselation.obj
         ./x64/PhysXCommon/debug\GuGJKWrapper.obj
         ./x64/PhysXCommon/debug\GuVecBox.obj
         ./x64/PhysXCommon/debug\GuIntersectionBoxBox.obj
         ./x64/PhysXCommon/debug\GuIntersectionEdgeEdge.obj
         ./x64/PhysXCommon/debug\GuIntersectionRayBox.obj
         ./x64/PhysXCommon/debug\GuIntersectionRayCapsule.obj
         ./x64/PhysXCommon/debug\GuIntersectionRaySphere.obj
         ./x64/PhysXCommon/debug\GuIntersectionRayTriangle.obj
         ./x64/PhysXCommon/debug\GuIntersectionTriangleBox.obj
         ./x64/PhysXCommon/debug\GuHybridModel.obj
         ./x64/PhysXCommon/debug\GuInternalTriangleMesh.obj
         ./x64/PhysXCommon/debug\GuMeshInterface.obj
         ./x64/PhysXCommon/debug\GuMeshQuery.obj
         ./x64/PhysXCommon/debug\GuMidphase.obj
         ./x64/PhysXCommon/debug\GuOverlapTestsMesh.obj
         ./x64/PhysXCommon/debug\GuRTree.obj
         ./x64/PhysXCommon/debug\GuRTreeQueries.obj
         ./x64/PhysXCommon/debug\GuSweepsMesh.obj
         ./x64/PhysXCommon/debug\GuTriangleMesh.obj
         ./x64/PhysXCommon/debug\GuHeightField.obj
         ./x64/PhysXCommon/debug\GuHeightFieldUtil.obj
         ./x64/PhysXCommon/debug\GuOverlapTestsHF.obj
         ./x64/PhysXCommon/debug\GuSweepsHF.obj
         ./x64/PhysXCommon/debug\GuPCMContactBoxBox.obj
         ./x64/PhysXCommon/debug\GuPCMContactBoxConvex.obj
         ./x64/PhysXCommon/debug\GuPCMContactCapsuleBox.obj
         ./x64/PhysXCommon/debug\GuPCMContactCapsuleConvex.obj
         ./x64/PhysXCommon/debug\GuPCMContactCapsuleHeightField.obj
         ./x64/PhysXCommon/debug\GuPCMContactCapsuleMesh.obj
         ./x64/PhysXCommon/debug\GuPCMContactConvexCommon.obj
         ./x64/PhysXCommon/debug\GuPCMContactConvexConvex.obj
         ./x64/PhysXCommon/debug\GuPCMContactConvexHeightField.obj
         ./x64/PhysXCommon/debug\GuPCMContactConvexMesh.obj
         ./x64/PhysXCommon/debug\GuPCMContactGenBoxConvex.obj
         ./x64/PhysXCommon/debug\GuPCMContactGenSphereCapsule.obj
         ./x64/PhysXCommon/debug\GuPCMContactPlaneBox.obj
         ./x64/PhysXCommon/debug\GuPCMContactPlaneCapsule.obj
         ./x64/PhysXCommon/debug\GuPCMContactPlaneConvex.obj
         ./x64/PhysXCommon/debug\GuPCMContactSphereConvex.obj
         ./x64/PhysXCommon/debug\GuPCMContactSphereHeightField.obj
         ./x64/PhysXCommon/debug\GuPCMContactSphereMesh.obj
         ./x64/PhysXCommon/debug\GuPCMShapeConvex.obj
         ./x64/PhysXCommon/debug\GuPCMTriangleContactGen.obj
         ./x64/PhysXCommon/debug\GuPersistentContactManifold.obj
         ./x64/PhysXCommon/debug\GuBox.obj
         ./x64/PhysXCommon/debug\GuBoxPruning.obj
         ./x64/PhysXCommon/debug\GuCapsule.obj
         ./x64/PhysXCommon/debug\GuCCTSweepTests.obj
         ./x64/PhysXCommon/debug\GuContainer.obj
         ./x64/PhysXCommon/debug\GuContainerMemoryMgmt.obj
         ./x64/PhysXCommon/debug\GuContainerMemoryMgmtPS3.obj
         ./x64/PhysXCommon/debug\GuDebug.obj
         ./x64/PhysXCommon/debug\GuGeometryQuery.obj
         ./x64/PhysXCommon/debug\GuGeometryUnion.obj
         ./x64/PhysXCommon/debug\GuGeomUtilsInternal.obj
         ./x64/PhysXCommon/debug\GuMeshFactory.obj
         ./x64/PhysXCommon/debug\GuMetaData.obj
         ./x64/PhysXCommon/debug\GuMTD.obj
         ./x64/PhysXCommon/debug\GuObjectBounds.obj
         ./x64/PhysXCommon/debug\GuOverlapTests.obj
         ./x64/PhysXCommon/debug\GuRaycastTests.obj
         ./x64/PhysXCommon/debug\GuRevisitedRadix.obj
         ./x64/PhysXCommon/debug\GuRevisitedRadixBuffered.obj
         ./x64/PhysXCommon/debug\GuSerialize.obj
         ./x64/PhysXCommon/debug\GuSweepMTD.obj
         ./x64/PhysXCommon/debug\GuSweepSharedTests.obj
         ./x64/PhysXCommon/debug\GuSweepTests.obj
            Création de la bibliothèque ./../../../Lib/vc12win64/PhysX3CommonDEBUG_x64.lib et de l'objet ./../../../Lib/vc12win64/PhysX3CommonDEBUG_x64.exp
         PhysXCommon.vcxproj -> D:\GIT\Destruction\Libs\PhysXSDK\Source\compiler\vc12win64\./../../../bin/vc12win64\PhysX3CommonDEBUG_x64.dll
     1>Génération du projet "D:\GIT\Destruction\Libs\PhysXSDK\Source\compiler\vc12win64\PhysXCommon.vcxproj" terminée (Build cible(s)).

La génération a réussi.

Temps écoulé 00:00:43.35
