La génération a démarré 22/06/2016 17:16:24.
     1>Projet "D:\GIT\Destruction\Libs\PhysXSDK\Source\compiler\vc12win64\LowLevel.vcxproj" sur le nœud 8 (Build cible(s)).
     1>ClCompile:
         C:\Program Files (x86)\Microsoft Visual Studio 12.0\VC\bin\x86_amd64\CL.exe /c /I./../../../externals/nvToolsExt/1/include /I./../../../externals/nvToolsExt/1/include/stdint /I./../../PhysXGpu/include /I./../../../Include/foundation /I./../../foundation/include /I./../../../Include/physxprofilesdk /I./../../../Include/physxvisualdebuggersdk /I./../../../Include/common /I./../../../Include/geometry /I./../../../Include/pxtask /I./../../../Include /I./../../Common/src /I./../../Common/src/windows /I./../../PhysXProfile/src /I./../../PhysXProfile/include /I./../../GeomUtils/headers /I./../../GeomUtils/src/contact /I./../../GeomUtils/src/common /I./../../GeomUtils/src/convex /I./../../GeomUtils/src/distance /I./../../GeomUtils/src/gjk /I./../../GeomUtils/src/intersection /I./../../GeomUtils/src/mesh /I./../../GeomUtils/src/hf /I./../../GeomUtils/src/pcm /I./../../GeomUtils/src /I./../../LowLevel/API/include /I./../../LowLevel/common/include /I./../../LowLevel/common/include/collision /I./../../LowLevel/common/include/pipeline /I./../../LowLevel/common/include/pipeline/windows /I./../../LowLevel/common/include/math /I./../../LowLevel/common/include/utils /I./../../LowLevel/software/include /I./../../LowLevel/software/include/windows /Zi /nologo /W4 /WX /Od /D WIN32 /D WIN64 /D _CRT_SECURE_NO_DEPRECATE /D _CRT_NONSTDC_NO_DEPRECATE /D _WINSOCK_DEPRECATED_NO_WARNINGS /D PX_PHYSX_STATIC_LIB /D _DEBUG /D PX_DEBUG /D PX_CHECKED /D PX_SUPPORT_VISUAL_DEBUGGER /D PX_NVTX /D PX_PHYSX_DLL_NAME_POSTFIX=DEBUG /GF /Gm- /RTCu /MTd /GS- /fp:fast /Zc:wchar_t /Zc:forScope /GR- /Fo"./x64/LowLevel/debug\\" /Fd"D:\GIT\Destruction\Libs\PhysXSDK\Lib\vc12win64\\LowLevelDEBUG.pdb" /Gd /TP /errorReport:prompt /MP /Wall /wd4514 /wd4820 /wd4127 /wd4710 /wd4711 /d2Zi+ ..\..\LowLevel\API\src\px_globals.cpp ..\..\LowLevel\software\src\windows\PxsRigidBodyAccessGpu.cpp ..\..\LowLevel\software\src\PxsAABBManager.cpp ..\..\LowLevel\software\src\PxsAABBManagerAux.cpp ..\..\LowLevel\software\src\PxsAABBManagerTasks.cpp ..\..\LowLevel\software\src\PxsArticulation.cpp ..\..\LowLevel\software\src\PxsBodyTransformVault.cpp ..\..\LowLevel\software\src\PxsBroadPhaseCommon.cpp ..\..\LowLevel\software\src\PxsBroadPhaseMBP.cpp ..\..\LowLevel\software\src\PxsBroadPhaseSap.cpp ..\..\LowLevel\software\src\PxsBroadPhaseSapAux.cpp ..\..\LowLevel\software\src\PxsCCD.cpp ..\..\LowLevel\software\src\PxsConstraint.cpp ..\..\LowLevel\software\src\PxsConstraintPartition.cpp ..\..\LowLevel\software\src\PxsConstraintSetup.cpp ..\..\LowLevel\software\src\PxsConstraintSetupBlock.cpp ..\..\LowLevel\software\src\PxsContactManager.cpp ..\..\LowLevel\software\src\PxsContext.cpp ..\..\LowLevel\software\src\PxsDynamics.cpp ..\..\LowLevel\software\src\PxsFluidCollision.cpp ..\..\LowLevel\software\src\PxsFluidCollisionBox.cpp ..\..\LowLevel\software\src\PxsFluidCollisionCapsule.cpp ..\..\LowLevel\software\src\PxsFluidCollisionConvex.cpp ..\..\LowLevel\software\src\PxsFluidCollisionMesh.cpp ..\..\LowLevel\software\src\PxsFluidCollisionPlane.cpp ..\..\LowLevel\software\src\PxsFluidCollisionSphere.cpp ..\..\LowLevel\software\src\PxsFluidDynamics.cpp ..\..\LowLevel\software\src\PxsFluidSpatialHash.cpp ..\..\LowLevel\software\src\PxsFluidSpatialLocalHash.cpp ..\..\LowLevel\software\src\PxsIslandManager.cpp ..\..\LowLevel\software\src\PxsIslandManagerAux.cpp ..\..\LowLevel\software\src\PxsMaterialCombiner.cpp ..\..\LowLevel\software\src\PxsMBPTasks.cpp ..\..\LowLevel\software\src\PxsParticleData.cpp ..\..\LowLevel\software\src\PxsParticleShape.cpp ..\..\LowLevel\software\src\PxsParticleSystemBatcher.cpp ..\..\LowLevel\software\src\PxsParticleSystemSim.cpp ..\..\LowLevel\software\src\PxsRigidBody.cpp ..\..\LowLevel\software\src\PxsRigidBodyToSolverBody.cpp ..\..\LowLevel\software\src\PxsSAPTasks.cpp ..\..\LowLevel\software\src\PxsSimObjectFactory.cpp ..\..\LowLevel\software\src\PxsSolverConstraint1D.cpp ..\..\LowLevel\software\src\PxsSolverConstraintExt.cpp ..\..\LowLevel\software\src\PxsSolverConstraintExtPF.cpp ..\..\LowLevel\software\src\PxsSolverContactScalar.cpp ..\..\LowLevel\software\src\PxsSolverContactSIMD.cpp ..\..\LowLevel\software\src\PxsSolverContactSIMDBlock.cpp ..\..\LowLevel\software\src\PxsSolverContactSIMDBlockPF.cpp ..\..\LowLevel\software\src\PxsSolverContactSIMDPF.cpp ..\..\LowLevel\software\src\PxsSolverCoreGeneral.cpp ..\..\LowLevel\software\src\PxsSolverCoreScalar.cpp ..\..\LowLevel\software\src\PxsSolverCoreSIMD.cpp ..\..\LowLevel\software\src\PxsSolverCoreSIMDBlock.cpp ..\..\LowLevel\software\src\PxsSolverCoreSIMDBlockPF.cpp ..\..\LowLevel\software\src\PxsSolverCoreSIMDPF.cpp ..\..\LowLevel\software\src\PxsSolverExt.cpp ..\..\LowLevel\software\src\PxsSolverExtPF.cpp ..\..\LowLevel\software\src\PxsThreadContext.cpp ..\..\LowLevel\common\src\collision\PxcContactBoxBox.cpp ..\..\LowLevel\common\src\collision\PxcContactBoxHeightField.cpp ..\..\LowLevel\common\src\collision\PxcContactBoxMesh.cpp ..\..\LowLevel\common\src\collision\PxcContactCapsuleBox.cpp ..\..\LowLevel\common\src\collision\PxcContactCapsuleCapsule.cpp ..\..\LowLevel\common\src\collision\PxcContactCapsuleConvex.cpp ..\..\LowLevel\common\src\collision\PxcContactCapsuleHeightField.cpp ..\..\LowLevel\common\src\collision\PxcContactCapsuleMesh.cpp ..\..\LowLevel\common\src\collision\PxcContactConvexConvex.cpp ..\..\LowLevel\common\src\collision\PxcContactConvexHeightField.cpp ..\..\LowLevel\common\src\collision\PxcContactConvexMesh2.cpp ..\..\LowLevel\common\src\collision\PxcContactPlaneBox.cpp ..\..\LowLevel\common\src\collision\PxcContactPlaneCapsule.cpp ..\..\LowLevel\common\src\collision\PxcContactPlaneConvex.cpp ..\..\LowLevel\common\src\collision\PxcContactSphereBox.cpp ..\..\LowLevel\common\src\collision\PxcContactSphereCapsule.cpp ..\..\LowLevel\common\src\collision\PxcContactSphereHeightField.cpp ..\..\LowLevel\common\src\collision\PxcContactSphereMesh.cpp ..\..\LowLevel\common\src\collision\PxcContactSpherePlane.cpp ..\..\LowLevel\common\src\collision\PxcContactSphereSphere.cpp ..\..\LowLevel\common\src\collision\PxcPCMContactBoxBox.cpp ..\..\LowLevel\common\src\collision\PxcPCMContactBoxConvex.cpp ..\..\LowLevel\common\src\collision\PxcPCMContactBoxHeightField.cpp ..\..\LowLevel\common\src\collision\PxcPCMContactBoxMesh.cpp ..\..\LowLevel\common\src\collision\PxcPCMContactCapsuleBox.cpp ..\..\LowLevel\common\src\collision\PxcPCMContactCapsuleCapsule.cpp ..\..\LowLevel\common\src\collision\PxcPCMContactCapsuleConvex.cpp ..\..\LowLevel\common\src\collision\PxcPCMContactCapsuleHeightField.cpp ..\..\LowLevel\common\src\collision\PxcPCMContactCapsuleMesh.cpp ..\..\LowLevel\common\src\collision\PxcPCMContactConvexConvex.cpp ..\..\LowLevel\common\src\collision\PxcPCMContactConvexHeightField.cpp ..\..\LowLevel\common\src\collision\PxcPCMContactConvexMesh.cpp ..\..\LowLevel\common\src\collision\PxcPCMContactPlaneBox.cpp ..\..\LowLevel\common\src\collision\PxcPCMContactPlaneCapsule.cpp ..\..\LowLevel\common\src\collision\PxcPCMContactPlaneConvex.cpp ..\..\LowLevel\common\src\collision\PxcPCMContactSphereBox.cpp ..\..\LowLevel\common\src\collision\PxcPCMContactSphereCapsule.cpp ..\..\LowLevel\common\src\collision\PxcPCMContactSphereConvex.cpp ..\..\LowLevel\common\src\collision\PxcPCMContactSphereHeightField.cpp ..\..\LowLevel\common\src\collision\PxcPCMContactSphereMesh.cpp ..\..\LowLevel\common\src\collision\PxcPCMContactSpherePlane.cpp ..\..\LowLevel\common\src\collision\PxcPCMContactSphereSphere.cpp ..\..\LowLevel\common\src\collision\PxcSweepConvexMesh.cpp ..\..\LowLevel\common\src\pipeline\PxcArticulationHelper.cpp ..\..\LowLevel\common\src\pipeline\PxcArticulationScalar.cpp ..\..\LowLevel\common\src\pipeline\PxcArticulationSIMD.cpp ..\..\LowLevel\common\src\pipeline\PxcContactCache.cpp ..\..\LowLevel\common\src\pipeline\PxcContactMethodImpl.cpp ..\..\LowLevel\common\src\pipeline\PxcFrictionCorrelation.cpp ..\..\LowLevel\common\src\pipeline\PxcFrictionPatchStreamPair.cpp ..\..\LowLevel\common\src\pipeline\PxcMaterialHeightField.cpp ..\..\LowLevel\common\src\pipeline\PxcMaterialMesh.cpp ..\..\LowLevel\common\src\pipeline\PxcMaterialMethodImpl.cpp ..\..\LowLevel\common\src\pipeline\PxcMaterialShape.cpp ..\..\LowLevel\common\src\pipeline\PxcNpBatch.cpp ..\..\LowLevel\common\src\pipeline\PxcNpCacheStreamPair.cpp ..\..\LowLevel\common\src\pipeline\PxcNpContactPrep.cpp ..\..\LowLevel\common\src\pipeline\PxcNpContactPrepPF.cpp ..\..\LowLevel\common\src\pipeline\PxcNpContactPrepSIMDPF.cpp ..\..\LowLevel\common\src\pipeline\PxcNpMemBlockPool.cpp ..\..\LowLevel\common\src\pipeline\PxcNpThreadContext.cpp ..\..\LowLevel\common\src\utils\PxcPoolMalloc.cpp
         px_globals.cpp
         PxsRigidBodyAccessGpu.cpp
         PxsAABBManager.cpp
         PxsAABBManagerAux.cpp
         PxsAABBManagerTasks.cpp
         PxsArticulation.cpp
         PxsBodyTransformVault.cpp
         PxsBroadPhaseCommon.cpp
         PxsBroadPhaseMBP.cpp
         PxsBroadPhaseSap.cpp
         PxsBroadPhaseSapAux.cpp
         PxsCCD.cpp
         PxsConstraint.cpp
         PxsConstraintPartition.cpp
         PxsConstraintSetup.cpp
         PxsConstraintSetupBlock.cpp
         PxsContactManager.cpp
         PxsContext.cpp
         PxsDynamics.cpp
         PxsFluidCollision.cpp
         PxsFluidCollisionBox.cpp
         PxsFluidCollisionCapsule.cpp
         PxsFluidCollisionConvex.cpp
         PxsFluidCollisionMesh.cpp
         PxsFluidCollisionPlane.cpp
         PxsFluidCollisionSphere.cpp
         PxsFluidDynamics.cpp
         PxsFluidSpatialHash.cpp
         PxsFluidSpatialLocalHash.cpp
         PxsIslandManager.cpp
         PxsIslandManagerAux.cpp
         PxsMaterialCombiner.cpp
         PxsMBPTasks.cpp
         PxsParticleData.cpp
         PxsParticleShape.cpp
         PxsParticleSystemBatcher.cpp
         PxsParticleSystemSim.cpp
         PxsRigidBody.cpp
         PxsRigidBodyToSolverBody.cpp
         PxsSAPTasks.cpp
         PxsSimObjectFactory.cpp
         PxsSolverConstraint1D.cpp
         PxsSolverConstraintExt.cpp
         PxsSolverConstraintExtPF.cpp
         PxsSolverContactScalar.cpp
         PxsSolverContactSIMD.cpp
         PxsSolverContactSIMDBlock.cpp
         PxsSolverContactSIMDBlockPF.cpp
         PxsSolverContactSIMDPF.cpp
         PxsSolverCoreGeneral.cpp
         PxsSolverCoreScalar.cpp
         PxsSolverCoreSIMD.cpp
         PxsSolverCoreSIMDBlock.cpp
         PxsSolverCoreSIMDBlockPF.cpp
         PxsSolverCoreSIMDPF.cpp
         PxsSolverExt.cpp
         PxsSolverExtPF.cpp
         PxsThreadContext.cpp
         PxcContactBoxBox.cpp
         PxcContactBoxHeightField.cpp
         PxcContactBoxMesh.cpp
         PxcContactCapsuleBox.cpp
         PxcContactCapsuleCapsule.cpp
         PxcContactCapsuleConvex.cpp
         PxcContactCapsuleHeightField.cpp
         PxcContactCapsuleMesh.cpp
         PxcContactConvexConvex.cpp
         PxcContactConvexHeightField.cpp
         PxcContactConvexMesh2.cpp
         PxcContactPlaneBox.cpp
         PxcContactPlaneCapsule.cpp
         PxcContactPlaneConvex.cpp
         PxcContactSphereBox.cpp
         PxcContactSphereCapsule.cpp
         PxcContactSphereHeightField.cpp
         PxcContactSphereMesh.cpp
         PxcContactSpherePlane.cpp
         PxcContactSphereSphere.cpp
         PxcPCMContactBoxBox.cpp
         PxcPCMContactBoxConvex.cpp
         PxcPCMContactBoxHeightField.cpp
         PxcPCMContactBoxMesh.cpp
         PxcPCMContactCapsuleBox.cpp
         PxcPCMContactCapsuleCapsule.cpp
         PxcPCMContactCapsuleConvex.cpp
         PxcPCMContactCapsuleHeightField.cpp
         PxcPCMContactCapsuleMesh.cpp
         PxcPCMContactConvexConvex.cpp
         PxcPCMContactConvexHeightField.cpp
         PxcPCMContactConvexMesh.cpp
         PxcPCMContactPlaneBox.cpp
         PxcPCMContactPlaneCapsule.cpp
         PxcPCMContactPlaneConvex.cpp
         PxcPCMContactSphereBox.cpp
         PxcPCMContactSphereCapsule.cpp
         PxcPCMContactSphereConvex.cpp
         PxcPCMContactSphereHeightField.cpp
         PxcPCMContactSphereMesh.cpp
         PxcPCMContactSpherePlane.cpp
         PxcPCMContactSphereSphere.cpp
         PxcSweepConvexMesh.cpp
         PxcArticulationHelper.cpp
         PxcArticulationScalar.cpp
         PxcArticulationSIMD.cpp
         PxcContactCache.cpp
         PxcContactMethodImpl.cpp
         PxcFrictionCorrelation.cpp
         PxcFrictionPatchStreamPair.cpp
         PxcMaterialHeightField.cpp
         PxcMaterialMesh.cpp
         PxcMaterialMethodImpl.cpp
         PxcMaterialShape.cpp
         PxcNpBatch.cpp
         PxcNpCacheStreamPair.cpp
         PxcNpContactPrep.cpp
         PxcNpContactPrepPF.cpp
         PxcNpContactPrepSIMDPF.cpp
         PxcNpMemBlockPool.cpp
         PxcNpThreadContext.cpp
         PxcPoolMalloc.cpp
       Lib:
         C:\Program Files (x86)\Microsoft Visual Studio 12.0\VC\bin\x86_amd64\Lib.exe /OUT:"./../../../Lib/vc12win64\LowLevelDEBUG.lib" ./../../../externals/nvToolsExt/1/lib/x64/nvToolsExt64_1.lib /NOLOGO /MACHINE:X64 ./x64/LowLevel/debug\px_globals.obj
         ./x64/LowLevel/debug\PxsRigidBodyAccessGpu.obj
         ./x64/LowLevel/debug\PxsAABBManager.obj
         ./x64/LowLevel/debug\PxsAABBManagerAux.obj
         ./x64/LowLevel/debug\PxsAABBManagerTasks.obj
         ./x64/LowLevel/debug\PxsArticulation.obj
         ./x64/LowLevel/debug\PxsBodyTransformVault.obj
         ./x64/LowLevel/debug\PxsBroadPhaseCommon.obj
         ./x64/LowLevel/debug\PxsBroadPhaseMBP.obj
         ./x64/LowLevel/debug\PxsBroadPhaseSap.obj
         ./x64/LowLevel/debug\PxsBroadPhaseSapAux.obj
         ./x64/LowLevel/debug\PxsCCD.obj
         ./x64/LowLevel/debug\PxsConstraint.obj
         ./x64/LowLevel/debug\PxsConstraintPartition.obj
         ./x64/LowLevel/debug\PxsConstraintSetup.obj
         ./x64/LowLevel/debug\PxsConstraintSetupBlock.obj
         ./x64/LowLevel/debug\PxsContactManager.obj
         ./x64/LowLevel/debug\PxsContext.obj
         ./x64/LowLevel/debug\PxsDynamics.obj
         ./x64/LowLevel/debug\PxsFluidCollision.obj
         ./x64/LowLevel/debug\PxsFluidCollisionBox.obj
         ./x64/LowLevel/debug\PxsFluidCollisionCapsule.obj
         ./x64/LowLevel/debug\PxsFluidCollisionConvex.obj
         ./x64/LowLevel/debug\PxsFluidCollisionMesh.obj
         ./x64/LowLevel/debug\PxsFluidCollisionPlane.obj
         ./x64/LowLevel/debug\PxsFluidCollisionSphere.obj
         ./x64/LowLevel/debug\PxsFluidDynamics.obj
         ./x64/LowLevel/debug\PxsFluidSpatialHash.obj
         ./x64/LowLevel/debug\PxsFluidSpatialLocalHash.obj
         ./x64/LowLevel/debug\PxsIslandManager.obj
         ./x64/LowLevel/debug\PxsIslandManagerAux.obj
         ./x64/LowLevel/debug\PxsMaterialCombiner.obj
         ./x64/LowLevel/debug\PxsMBPTasks.obj
         ./x64/LowLevel/debug\PxsParticleData.obj
         ./x64/LowLevel/debug\PxsParticleShape.obj
         ./x64/LowLevel/debug\PxsParticleSystemBatcher.obj
         ./x64/LowLevel/debug\PxsParticleSystemSim.obj
         ./x64/LowLevel/debug\PxsRigidBody.obj
         ./x64/LowLevel/debug\PxsRigidBodyToSolverBody.obj
         ./x64/LowLevel/debug\PxsSAPTasks.obj
         ./x64/LowLevel/debug\PxsSimObjectFactory.obj
         ./x64/LowLevel/debug\PxsSolverConstraint1D.obj
         ./x64/LowLevel/debug\PxsSolverConstraintExt.obj
         ./x64/LowLevel/debug\PxsSolverConstraintExtPF.obj
         ./x64/LowLevel/debug\PxsSolverContactScalar.obj
         ./x64/LowLevel/debug\PxsSolverContactSIMD.obj
         ./x64/LowLevel/debug\PxsSolverContactSIMDBlock.obj
         ./x64/LowLevel/debug\PxsSolverContactSIMDBlockPF.obj
         ./x64/LowLevel/debug\PxsSolverContactSIMDPF.obj
         ./x64/LowLevel/debug\PxsSolverCoreGeneral.obj
         ./x64/LowLevel/debug\PxsSolverCoreScalar.obj
         ./x64/LowLevel/debug\PxsSolverCoreSIMD.obj
         ./x64/LowLevel/debug\PxsSolverCoreSIMDBlock.obj
         ./x64/LowLevel/debug\PxsSolverCoreSIMDBlockPF.obj
         ./x64/LowLevel/debug\PxsSolverCoreSIMDPF.obj
         ./x64/LowLevel/debug\PxsSolverExt.obj
         ./x64/LowLevel/debug\PxsSolverExtPF.obj
         ./x64/LowLevel/debug\PxsThreadContext.obj
         ./x64/LowLevel/debug\PxcContactBoxBox.obj
         ./x64/LowLevel/debug\PxcContactBoxHeightField.obj
         ./x64/LowLevel/debug\PxcContactBoxMesh.obj
         ./x64/LowLevel/debug\PxcContactCapsuleBox.obj
         ./x64/LowLevel/debug\PxcContactCapsuleCapsule.obj
         ./x64/LowLevel/debug\PxcContactCapsuleConvex.obj
         ./x64/LowLevel/debug\PxcContactCapsuleHeightField.obj
         ./x64/LowLevel/debug\PxcContactCapsuleMesh.obj
         ./x64/LowLevel/debug\PxcContactConvexConvex.obj
         ./x64/LowLevel/debug\PxcContactConvexHeightField.obj
         ./x64/LowLevel/debug\PxcContactConvexMesh2.obj
         ./x64/LowLevel/debug\PxcContactPlaneBox.obj
         ./x64/LowLevel/debug\PxcContactPlaneCapsule.obj
         ./x64/LowLevel/debug\PxcContactPlaneConvex.obj
         ./x64/LowLevel/debug\PxcContactSphereBox.obj
         ./x64/LowLevel/debug\PxcContactSphereCapsule.obj
         ./x64/LowLevel/debug\PxcContactSphereHeightField.obj
         ./x64/LowLevel/debug\PxcContactSphereMesh.obj
         ./x64/LowLevel/debug\PxcContactSpherePlane.obj
         ./x64/LowLevel/debug\PxcContactSphereSphere.obj
         ./x64/LowLevel/debug\PxcPCMContactBoxBox.obj
         ./x64/LowLevel/debug\PxcPCMContactBoxConvex.obj
         ./x64/LowLevel/debug\PxcPCMContactBoxHeightField.obj
         ./x64/LowLevel/debug\PxcPCMContactBoxMesh.obj
         ./x64/LowLevel/debug\PxcPCMContactCapsuleBox.obj
         ./x64/LowLevel/debug\PxcPCMContactCapsuleCapsule.obj
         ./x64/LowLevel/debug\PxcPCMContactCapsuleConvex.obj
         ./x64/LowLevel/debug\PxcPCMContactCapsuleHeightField.obj
         ./x64/LowLevel/debug\PxcPCMContactCapsuleMesh.obj
         ./x64/LowLevel/debug\PxcPCMContactConvexConvex.obj
         ./x64/LowLevel/debug\PxcPCMContactConvexHeightField.obj
         ./x64/LowLevel/debug\PxcPCMContactConvexMesh.obj
         ./x64/LowLevel/debug\PxcPCMContactPlaneBox.obj
         ./x64/LowLevel/debug\PxcPCMContactPlaneCapsule.obj
         ./x64/LowLevel/debug\PxcPCMContactPlaneConvex.obj
         ./x64/LowLevel/debug\PxcPCMContactSphereBox.obj
         ./x64/LowLevel/debug\PxcPCMContactSphereCapsule.obj
         ./x64/LowLevel/debug\PxcPCMContactSphereConvex.obj
         ./x64/LowLevel/debug\PxcPCMContactSphereHeightField.obj
         ./x64/LowLevel/debug\PxcPCMContactSphereMesh.obj
         ./x64/LowLevel/debug\PxcPCMContactSpherePlane.obj
         ./x64/LowLevel/debug\PxcPCMContactSphereSphere.obj
         ./x64/LowLevel/debug\PxcSweepConvexMesh.obj
         ./x64/LowLevel/debug\PxcArticulationHelper.obj
         ./x64/LowLevel/debug\PxcArticulationScalar.obj
         ./x64/LowLevel/debug\PxcArticulationSIMD.obj
         ./x64/LowLevel/debug\PxcContactCache.obj
         ./x64/LowLevel/debug\PxcContactMethodImpl.obj
         ./x64/LowLevel/debug\PxcFrictionCorrelation.obj
         ./x64/LowLevel/debug\PxcFrictionPatchStreamPair.obj
         ./x64/LowLevel/debug\PxcMaterialHeightField.obj
         ./x64/LowLevel/debug\PxcMaterialMesh.obj
         ./x64/LowLevel/debug\PxcMaterialMethodImpl.obj
         ./x64/LowLevel/debug\PxcMaterialShape.obj
         ./x64/LowLevel/debug\PxcNpBatch.obj
         ./x64/LowLevel/debug\PxcNpCacheStreamPair.obj
         ./x64/LowLevel/debug\PxcNpContactPrep.obj
         ./x64/LowLevel/debug\PxcNpContactPrepPF.obj
         ./x64/LowLevel/debug\PxcNpContactPrepSIMDPF.obj
         ./x64/LowLevel/debug\PxcNpMemBlockPool.obj
         ./x64/LowLevel/debug\PxcNpThreadContext.obj
         ./x64/LowLevel/debug\PxcPoolMalloc.obj
     1>PxcNpContactPrepSIMDPF.obj : warning LNK4221: Ce fichier objet ne dÚfinit pas de symboles publics jusqu'ici non dÚfinis. Par consÚquent, il ne sera utilisÚ par aucune opÚration de lien utilisant cette bibliothÞque
     1>PxsSolverConstraint1D.obj : warning LNK4221: Ce fichier objet ne dÚfinit pas de symboles publics jusqu'ici non dÚfinis. Par consÚquent, il ne sera utilisÚ par aucune opÚration de lien utilisant cette bibliothÞque
         LowLevel.vcxproj -> D:\GIT\Destruction\Libs\PhysXSDK\Source\compiler\vc12win64\./../../../Lib/vc12win64\LowLevelDEBUG.lib
     1>Génération du projet "D:\GIT\Destruction\Libs\PhysXSDK\Source\compiler\vc12win64\LowLevel.vcxproj" terminée (Build cible(s)).

La génération a réussi.

Temps écoulé 00:00:47.64
